<?xml version='1.0' encoding='UTF-8'?>
<testsuite hostname="Pranavs-MacBook-Pro.local" name="BreakspeareTest" tests="6" errors="0" failures="0" skipped="0" time="0.01" timestamp="2024-11-25T13:48:09">
          <properties>
      <property name="java.specification.version" value="23"/><property name="sun.jnu.encoding" value="UTF-8"/><property name="java.class.path" value="/opt/homebrew/Cellar/sbt/1.10.3/libexec/bin/sbt-launch.jar"/><property name="java.vm.vendor" value="Homebrew"/><property name="sun.arch.data.model" value="64"/><property name="jline.shutdownhook" value="false"/><property name="java.vendor.url" value="https://github.com/Homebrew/homebrew-core/issues"/><property name="user.timezone" value="America/Chicago"/><property name="java.vm.specification.version" value="23"/><property name="os.name" value="Mac OS X"/><property name="sun.java.launcher" value="SUN_STANDARD"/><property name="user.country" value="IN"/><property name="sun.boot.library.path" value="/opt/homebrew/Cellar/openjdk/23.0.1/libexec/openjdk.jdk/Contents/Home/lib"/><property name="sun.java.command" value="/opt/homebrew/Cellar/sbt/1.10.3/libexec/bin/sbt-launch.jar test"/><property name="http.nonProxyHosts" value="local|*.local|169.254/16|*.169.254/16"/><property name="jdk.debug" value="release"/><property name="sun.cpu.endian" value="little"/><property name="user.home" value="/Users/pranavshridhar"/><property name="user.language" value="en"/><property name="sbt.script" value="/opt/homebrew/Cellar/sbt/1.10.3/libexec/bin/sbt"/><property name="java.specification.vendor" value="Oracle Corporation"/><property name="sbt.ipcsocket.tmpdir" value="/var/folders/17/r0z1dx7x6vl3krzq537bx9j40000gn/T/.sbtff170635/ipcsocket"/><property name="swoval.tmpdir" value="/var/folders/17/r0z1dx7x6vl3krzq537bx9j40000gn/T/.sbtff170635/swoval"/><property name="java.version.date" value="2024-10-15"/><property name="java.home" value="/opt/homebrew/Cellar/openjdk/23.0.1/libexec/openjdk.jdk/Contents/Home"/><property name="file.separator" value="/"/><property name="java.vm.compressedOopsMode" value="Zero based"/><property name="line.separator" value="
"/><property name="java.vm.specification.vendor" value="Oracle Corporation"/><property name="java.specification.name" value="Java Platform API Specification"/><property name="apple.awt.application.name" value="Boot"/><property name="jline.esc.timeout" value="0"/><property name="sun.management.compiler" value="HotSpot 64-Bit Tiered Compilers"/><property name="ftp.nonProxyHosts" value="local|*.local|169.254/16|*.169.254/16"/><property name="java.runtime.version" value="23.0.1"/><property name="user.name" value="pranavshridhar"/><property name="stdout.encoding" value="UTF-8"/><property name="path.separator" value=":"/><property name="os.version" value="15.0.1"/><property name="jna.nosys" value="true"/><property name="java.runtime.name" value="OpenJDK Runtime Environment"/><property name="log4j.ignoreTCL" value="true"/><property name="file.encoding" value="UTF-8"/><property name="java.vm.name" value="OpenJDK 64-Bit Server VM"/><property name="java.vendor.version" value="Homebrew"/><property name="java.vendor.url.bug" value="https://github.com/Homebrew/homebrew-core/issues"/><property name="java.io.tmpdir" value="/var/folders/17/r0z1dx7x6vl3krzq537bx9j40000gn/T/"/><property name="java.version" value="23.0.1"/><property name="user.dir" value="/Users/pranavshridhar/Desktop/476RetardedShit/Homework3"/><property name="os.arch" value="aarch64"/><property name="java.vm.specification.name" value="Java Virtual Machine Specification"/><property name="native.encoding" value="UTF-8"/><property name="java.library.path" value="/Users/pranavshridhar/Library/Java/Extensions:/Library/Java/Extensions:/Network/Library/Java/Extensions:/System/Library/Java/Extensions:/usr/lib/java:."/><property name="java.vm.info" value="mixed mode, sharing"/><property name="stderr.encoding" value="UTF-8"/><property name="java.vendor" value="Homebrew"/><property name="java.vm.version" value="23.0.1"/><property name="scala.ext.dirs" value="/Users/pranavshridhar/.sbt/1.0/java9-rt-ext-homebrew_23_0_1"/><property name="sun.io.unicode.encoding" value="UnicodeBig"/><property name="socksNonProxyHosts" value="local|*.local|169.254/16|*.169.254/16"/><property name="java.class.version" value="67.0"/>
    </properties>
          <testcase classname="BreakspeareTest" name="createFuzzySet should work correctly with Double" time="0.005">
                      
                    </testcase><testcase classname="BreakspeareTest" name="assignGate should store and retrieve a FuzzySet in the environment" time="0.002">
                      
                    </testcase><testcase classname="BreakspeareTest" name="combine should perform Union operation correctly with Double" time="0.001">
                      
                    </testcase><testcase classname="BreakspeareTest" name="TestGate should evaluate membership correctly" time="0.0">
                      
                    </testcase><testcase classname="BreakspeareTest" name="Nested scope should isolate variables correctly" time="0.001">
                      
                    </testcase><testcase classname="BreakspeareTest" name="De Morgan's laws should hold for fuzzy sets" time="0.001">
                      
                    </testcase>
          <system-out><![CDATA[]]></system-out>
          <system-err><![CDATA[]]></system-err>
        </testsuite>